Using pre-set license
Built from '2020.3/staging' branch; Version is '2020.3.30f1 (1fb1bf06830e) revision 2077119'; Using compiler version '192528614'; Build Type 'Release'
OS: 'Windows 10  (10.0.19044) 64bit Core' Language: 'en' Physical Memory: 16283 MB
BatchMode: 1, IsHumanControllingUs: 0, StartBugReporterOnCrash: 0, Is64bit: 1, IsPro: 0

COMMAND LINE ARGUMENTS:
D:\Unity\2020.3.30f1\Editor\Unity.exe
-adb2
-batchMode
-noUpm
-name
AssetImportWorker0
-projectPath
D:/UNITY GAMES/SETFall
-logFile
Logs/AssetImportWorker0.log
-srvPort
65500
Successfully changed project path to: D:/UNITY GAMES/SETFall
D:/UNITY GAMES/SETFall
Using Asset Import Pipeline V2.
Refreshing native plugins compatible for Editor in 49.20 ms, found 3 plugins.
Preloading 0 native plugins for Editor in 0.00 ms.
Initialize engine version: 2020.3.30f1 (1fb1bf06830e)
[Subsystems] Discovering subsystems at path D:/Unity/2020.3.30f1/Editor/Data/Resources/UnitySubsystems
[Subsystems] Discovering subsystems at path D:/UNITY GAMES/SETFall/Assets
GfxDevice: creating device client; threaded=0
Direct3D:
    Version:  Direct3D 11.0 [level 11.1]
    Renderer: NVIDIA GeForce GTX 1080 (ID=0x1b80)
    Vendor:   
    VRAM:     8079 MB
    Driver:   30.0.15.1215
Initialize mono
Mono path[0] = 'D:/Unity/2020.3.30f1/Editor/Data/Managed'
Mono path[1] = 'D:/Unity/2020.3.30f1/Editor/Data/MonoBleedingEdge/lib/mono/unityjit'
Mono config path = 'D:/Unity/2020.3.30f1/Editor/Data/MonoBleedingEdge/etc'
Using monoOptions --debugger-agent=transport=dt_socket,embedding=1,server=y,suspend=n,address=127.0.0.1:56376
Begin MonoManager ReloadAssembly
Registering precompiled unity dll's ...
Register platform support module: D:/Unity/2020.3.30f1/Editor/Data/PlaybackEngines/WebGLSupport/UnityEditor.WebGL.Extensions.dll
Register platform support module: D:/Unity/2020.3.30f1/Editor/Data/PlaybackEngines/WindowsStandaloneSupport/UnityEditor.WindowsStandalone.Extensions.dll
Register platform support module: D:/Unity/2020.3.30f1/Editor/Data/PlaybackEngines/LuminSupport/UnityEditor.Lumin.Extensions.dll
Registered in 0.006041 seconds.
Native extension for Lumin target not found
Native extension for WindowsStandalone target not found
Native extension for WebGL target not found
Refreshing native plugins compatible for Editor in 43.58 ms, found 3 plugins.
Preloading 0 native plugins for Editor in 0.00 ms.
Mono: successfully reloaded assembly
- Completed reload, in  0.578 seconds
Domain Reload Profiling:
	ReloadAssembly (578ms)
		BeginReloadAssembly (88ms)
			ExecutionOrderSort (0ms)
			DisableScriptedObjects (0ms)
			BackupInstance (0ms)
			ReleaseScriptingObjects (0ms)
			CreateAndSetChildDomain (1ms)
		EndReloadAssembly (412ms)
			LoadAssemblies (84ms)
			RebuildTransferFunctionScriptingTraits (0ms)
			SetupTypeCache (130ms)
			ReleaseScriptCaches (0ms)
			RebuildScriptCaches (27ms)
			SetupLoadedEditorAssemblies (156ms)
				LogAssemblyErrors (0ms)
				InitializePlatformSupportModulesInManaged (5ms)
				SetLoadedEditorAssemblies (0ms)
				RefreshPlugins (44ms)
				BeforeProcessingInitializeOnLoad (15ms)
				ProcessInitializeOnLoadAttributes (68ms)
				ProcessInitializeOnLoadMethodAttributes (23ms)
				AfterProcessingInitializeOnLoad (0ms)
				EditorAssembliesLoaded (0ms)
			ExecutionOrderSort2 (0ms)
			AwakeInstancesAfterBackupRestoration (0ms)
Platform modules already initialized, skipping
Registering precompiled user dll's ...
Registered in 0.018074 seconds.
Begin MonoManager ReloadAssembly
Native extension for Lumin target not found
Native extension for WindowsStandalone target not found
Native extension for WebGL target not found
Refreshing native plugins compatible for Editor in 42.67 ms, found 3 plugins.
Preloading 0 native plugins for Editor in 0.00 ms.
Mono: successfully reloaded assembly
- Completed reload, in  1.120 seconds
Domain Reload Profiling:
	ReloadAssembly (1121ms)
		BeginReloadAssembly (169ms)
			ExecutionOrderSort (0ms)
			DisableScriptedObjects (4ms)
			BackupInstance (0ms)
			ReleaseScriptingObjects (0ms)
			CreateAndSetChildDomain (17ms)
		EndReloadAssembly (883ms)
			LoadAssemblies (137ms)
			RebuildTransferFunctionScriptingTraits (0ms)
			SetupTypeCache (276ms)
			ReleaseScriptCaches (0ms)
			RebuildScriptCaches (42ms)
			SetupLoadedEditorAssemblies (345ms)
				LogAssemblyErrors (0ms)
				InitializePlatformSupportModulesInManaged (5ms)
				SetLoadedEditorAssemblies (0ms)
				RefreshPlugins (43ms)
				BeforeProcessingInitializeOnLoad (99ms)
				ProcessInitializeOnLoadAttributes (167ms)
				ProcessInitializeOnLoadMethodAttributes (15ms)
				AfterProcessingInitializeOnLoad (16ms)
				EditorAssembliesLoaded (0ms)
			ExecutionOrderSort2 (0ms)
			AwakeInstancesAfterBackupRestoration (8ms)
Platform modules already initialized, skipping
========================================================================
Worker process is ready to serve import requests
Launched and connected shader compiler UnityShaderCompiler.exe after 0.07 seconds
Refreshing native plugins compatible for Editor in 0.44 ms, found 3 plugins.
Preloading 0 native plugins for Editor in 0.00 ms.
Unloading 2384 Unused Serialized files (Serialized files now loaded: 0)
System memory in use before: 107.6 MB.
System memory in use after: 107.7 MB.

Unloading 27 unused Assets to reduce memory usage. Loaded Objects now: 2820.
Total: 2.704400 ms (FindLiveObjects: 0.173700 ms CreateObjectMapping: 0.105700 ms MarkObjects: 2.332700 ms  DeleteObjects: 0.091300 ms)

AssetImportParameters requested are different than current active one (requested -> active):
  custom:framework-win-MediaFoundation: 216162199b28c13a410421893ffa2e32 -> 
  custom:video-decoder-ogg-theora: a1e56fd34408186e4bbccfd4996cb3dc -> 
  custom:container-muxer-webm: aa71ff27fc2769a1b78a27578f13a17b -> 
  custom:container-demuxer-webm: 4f35f7cbe854078d1ac9338744f61a02 -> 
  custom:container-demuxer-ogg: 62fdf1f143b41e24485cea50d1cbac27 -> 
  custom:video-encoder-webm-vp8: eb34c28f22e8b96e1ab97ce403110664 -> 
  custom:video-codec-MediaFoundation-h265: 746d11721c4dcdbdad8f713fa42b33f4 -> 
  custom:video-decoder-webm-vp8: 9c59270c3fd7afecdb556c50c9e8de78 -> 
  custom:audio-decoder-ogg-vorbis: bf7c407c2cedff20999df2af8eb42d56 -> 
  custom:audio-encoder-webm-vorbis: bf7c407c2cedff20999df2af8eb42d56 -> 
========================================================================
Received Import Request.
  path: Assets/Scenes/WinScreen.unity
  artifactKey: Guid(8aad46d7b6619d44383dfdce801c07ee) Importer(815301076,1909f56bfc062723c751e8b465ee728b)
Start importing Assets/Scenes/WinScreen.unity using Guid(8aad46d7b6619d44383dfdce801c07ee) Importer(815301076,1909f56bfc062723c751e8b465ee728b)  -> (artifact id: 'fb30172295987c965822a440cb0a5153') in 0.027590 seconds 
========================================================================
Received Import Request.
  Time since last request: 27.324027 seconds.
  path: Assets/Scripts/GetTreasure.cs
  artifactKey: Guid(492c7629d6c3261459522eba7316cb10) Importer(815301076,1909f56bfc062723c751e8b465ee728b)
Start importing Assets/Scripts/GetTreasure.cs using Guid(492c7629d6c3261459522eba7316cb10) Importer(815301076,1909f56bfc062723c751e8b465ee728b)  -> (artifact id: 'c769aef734d65fef5d4442c47ad0b597') in 0.086819 seconds 
========================================================================
Received Import Request.
  Time since last request: 0.265765 seconds.
  path: Assets/Scripts/LevelManagerScript.cs
  artifactKey: Guid(9981d9551ba2e1a40b2fc34a5b4f5984) Importer(815301076,1909f56bfc062723c751e8b465ee728b)
Start importing Assets/Scripts/LevelManagerScript.cs using Guid(9981d9551ba2e1a40b2fc34a5b4f5984) Importer(815301076,1909f56bfc062723c751e8b465ee728b)  -> (artifact id: 'dbc6b6a8d3eb74fd77f73b1e263761f4') in 0.017616 seconds 
========================================================================
Received Import Request.
  Time since last request: 0.403548 seconds.
  path: Assets/Scripts/LogMovement.cs
  artifactKey: Guid(71bb9304965b6044690e825076d8de15) Importer(815301076,1909f56bfc062723c751e8b465ee728b)
Start importing Assets/Scripts/LogMovement.cs using Guid(71bb9304965b6044690e825076d8de15) Importer(815301076,1909f56bfc062723c751e8b465ee728b)  -> (artifact id: '4a4b2c9be8f9edf3a67db9a2371e5e66') in 0.033619 seconds 
========================================================================
Received Import Request.
  Time since last request: 0.692750 seconds.
  path: Assets/Scripts/PauseMenuButtons.cs
  artifactKey: Guid(e1258fa80effc4e45b326ba9374e8dae) Importer(815301076,1909f56bfc062723c751e8b465ee728b)
Start importing Assets/Scripts/PauseMenuButtons.cs using Guid(e1258fa80effc4e45b326ba9374e8dae) Importer(815301076,1909f56bfc062723c751e8b465ee728b)  -> (artifact id: '605357ab4bbafeee3ddcf5e10af9dc5c') in 0.003540 seconds 
========================================================================
Received Import Request.
  Time since last request: 0.613830 seconds.
  path: Assets/Scripts/PlayerHit.cs
  artifactKey: Guid(afd39f0c80be5d040b75d7eccf2e9d24) Importer(815301076,1909f56bfc062723c751e8b465ee728b)
Start importing Assets/Scripts/PlayerHit.cs using Guid(afd39f0c80be5d040b75d7eccf2e9d24) Importer(815301076,1909f56bfc062723c751e8b465ee728b)  -> (artifact id: '26ade3812dc65fb782bbca133e8a5e63') in 0.003581 seconds 
========================================================================
Received Import Request.
  Time since last request: 0.836755 seconds.
  path: Assets/Scripts/PlayerDeath.cs
  artifactKey: Guid(9cd8d35f9cdbe0946a4d85fc424e6d3c) Importer(815301076,1909f56bfc062723c751e8b465ee728b)
Start importing Assets/Scripts/PlayerDeath.cs using Guid(9cd8d35f9cdbe0946a4d85fc424e6d3c) Importer(815301076,1909f56bfc062723c751e8b465ee728b)  -> (artifact id: '6a1d87cbd45e03a1314a539c6ab0642e') in 0.003831 seconds 
AssetImportWorkerClient::OnTransportError - code=2 error=End of file
